# JRE version: Java(TM) SE Runtime Environment (7.0_45-b18) (build 1.7.0_45-b18)
# Java VM: Java HotSpot(TM) 64-Bit Server VM (24.45-b08 mixed mode windows-amd64 compressed oops)
Heap
 PSYoungGen      total 58368K, used 51848K [0x00000000faa80000, 0x0000000100000000, 0x0000000100000000)
  eden space 29184K, 100% used [0x00000000faa80000,0x00000000fc700000,0x00000000fc700000)
  from space 29184K, 77% used [0x00000000fe380000,0x00000000ff9a2208,0x0000000100000000)
  to   space 29184K, 66% used [0x00000000fc700000,0x00000000fd9da218,0x00000000fe380000)
 ParOldGen       total 174592K, used 152864K [0x00000000f0000000, 0x00000000faa80000, 0x00000000faa80000)
  object space 174592K, 87% used [0x00000000f0000000,0x00000000f9548080,0x00000000faa80000)
 PSPermGen       total 31744K, used 20825K [0x00000000eae00000, 0x00000000ecd00000, 0x00000000f0000000)
  object space 31744K, 65% used [0x00000000eae00000,0x00000000ec256628,0x00000000ecd00000)
GC Heap History (10 events):
Event: 22.496 GC heap after
Heap after GC invocations=61 (full 1):
 PSYoungGen      total 52224K, used 17903K [0x00000000faa80000, 0x0000000100000000, 0x0000000100000000)
  eden space 34304K, 0% used [0x00000000faa80000,0x00000000faa80000,0x00000000fcc00000)
  from space 17920K, 99% used [0x00000000fee80000,0x00000000ffffbd10,0x0000000100000000)
  to   space 26624K, 0% used [0x00000000fcc00000,0x00000000fcc00000,0x00000000fe600000)
 ParOldGen       total 174592K, used 147012K [0x00000000f0000000, 0x00000000faa80000, 0x00000000faa80000)
  object space 174592K, 84% used [0x00000000f0000000,0x00000000f8f91050,0x00000000faa80000)
 PSPermGen       total 31744K, used 20654K [0x00000000eae00000, 0x00000000ecd00000, 0x00000000f0000000)
  object space 31744K, 65% used [0x00000000eae00000,0x00000000ec22b9f8,0x00000000ecd00000)
}
Event: 22.636 GC heap before
{Heap before GC invocations=62 (full 1):
 PSYoungGen      total 52224K, used 52207K [0x00000000faa80000, 0x0000000100000000, 0x0000000100000000)
  eden space 34304K, 100% used [0x00000000faa80000,0x00000000fcc00000,0x00000000fcc00000)
  from space 17920K, 99% used [0x00000000fee80000,0x00000000ffffbd10,0x0000000100000000)
  to   space 26624K, 0% used [0x00000000fcc00000,0x00000000fcc00000,0x00000000fe600000)
 ParOldGen       total 174592K, used 147012K [0x00000000f0000000, 0x00000000faa80000, 0x00000000faa80000)
  object space 174592K, 84% used [0x00000000f0000000,0x00000000f8f91050,0x00000000faa80000)
 PSPermGen       total 31744K, used 20809K [0x00000000eae00000, 0x00000000ecd00000, 0x00000000f0000000)
  object space 31744K, 65% used [0x00000000eae00000,0x00000000ec252620,0x00000000ecd00000)
Event: 22.651 GC heap after
Heap after GC invocations=62 (full 1):
 PSYoungGen      total 58880K, used 24074K [0x00000000faa80000, 0x0000000100000000, 0x0000000100000000)
  eden space 34304K, 0% used [0x00000000faa80000,0x00000000faa80000,0x00000000fcc00000)
  from space 24576K, 97% used [0x00000000fcc00000,0x00000000fe3828b0,0x00000000fe400000)
  to   space 28672K, 0% used [0x00000000fe400000,0x00000000fe400000,0x0000000100000000)
 ParOldGen       total 174592K, used 147076K [0x00000000f0000000, 0x00000000faa80000, 0x00000000faa80000)
  object space 174592K, 84% used [0x00000000f0000000,0x00000000f8fa1050,0x00000000faa80000)
 PSPermGen       total 31744K, used 20809K [0x00000000eae00000, 0x00000000ecd00000, 0x00000000f0000000)
  object space 31744K, 65% used [0x00000000eae00000,0x00000000ec252620,0x00000000ecd00000)
}
Event: 22.845 GC heap before
{Heap before GC invocations=63 (full 1):
 PSYoungGen      total 58880K, used 58378K [0x00000000faa80000, 0x0000000100000000, 0x0000000100000000)
  eden space 34304K, 100% used [0x00000000faa80000,0x00000000fcc00000,0x00000000fcc00000)
  from space 24576K, 97% used [0x00000000fcc00000,0x00000000fe3828b0,0x00000000fe400000)
  to   space 28672K, 0% used [0x00000000fe400000,0x00000000fe400000,0x0000000100000000)
 ParOldGen       total 174592K, used 147076K [0x00000000f0000000, 0x00000000faa80000, 0x00000000faa80000)
  object space 174592K, 84% used [0x00000000f0000000,0x00000000f8fa1050,0x00000000faa80000)
 PSPermGen       total 31744K, used 20817K [0x00000000eae00000, 0x00000000ecd00000, 0x00000000f0000000)
  object space 31744K, 65% used [0x00000000eae00000,0x00000000ec254560,0x00000000ecd00000)
Event: 22.863 GC heap after
Heap after GC invocations=63 (full 1):
 PSYoungGen      total 57856K, used 23560K [0x00000000faa80000, 0x0000000100000000, 0x0000000100000000)
  eden space 29184K, 0% used [0x00000000faa80000,0x00000000faa80000,0x00000000fc700000)
  from space 28672K, 82% used [0x00000000fe400000,0x00000000ffb02218,0x0000000100000000)
  to   space 29184K, 0% used [0x00000000fc700000,0x00000000fc700000,0x00000000fe380000)
 ParOldGen       total 174592K, used 147124K [0x00000000f0000000, 0x00000000faa80000, 0x00000000faa80000)
  object space 174592K, 84% used [0x00000000f0000000,0x00000000f8fad050,0x00000000faa80000)
 PSPermGen       total 31744K, used 20817K [0x00000000eae00000, 0x00000000ecd00000, 0x00000000f0000000)
  object space 31744K, 65% used [0x00000000eae00000,0x00000000ec254560,0x00000000ecd00000)
}
Event: 23.002 GC heap before
{Heap before GC invocations=64 (full 1):
 PSYoungGen      total 57856K, used 52744K [0x00000000faa80000, 0x0000000100000000, 0x0000000100000000)
  eden space 29184K, 100% used [0x00000000faa80000,0x00000000fc700000,0x00000000fc700000)
  from space 28672K, 82% used [0x00000000fe400000,0x00000000ffb02218,0x0000000100000000)
  to   space 29184K, 0% used [0x00000000fc700000,0x00000000fc700000,0x00000000fe380000)
 ParOldGen       total 174592K, used 147124K [0x00000000f0000000, 0x00000000faa80000, 0x00000000faa80000)
  object space 174592K, 84% used [0x00000000f0000000,0x00000000f8fad050,0x00000000faa80000)
 PSPermGen       total 31744K, used 20821K [0x00000000eae00000, 0x00000000ecd00000, 0x00000000f0000000)
  object space 31744K, 65% used [0x00000000eae00000,0x00000000ec2554a8,0x00000000ecd00000)
Event: 23.019 GC heap after
Heap after GC invocations=64 (full 1):
 PSYoungGen      total 58368K, used 22680K [0x00000000faa80000, 0x0000000100000000, 0x0000000100000000)
  eden space 29184K, 0% used [0x00000000faa80000,0x00000000faa80000,0x00000000fc700000)
  from space 29184K, 77% used [0x00000000fc700000,0x00000000fdd261f8,0x00000000fe380000)
  to   space 29184K, 0% used [0x00000000fe380000,0x00000000fe380000,0x0000000100000000)
 ParOldGen       total 174592K, used 147124K [0x00000000f0000000, 0x00000000faa80000, 0x00000000faa80000)
  object space 174592K, 84% used [0x00000000f0000000,0x00000000f8fad050,0x00000000faa80000)
 PSPermGen       total 31744K, used 20821K [0x00000000eae00000, 0x00000000ecd00000, 0x00000000f0000000)
  object space 31744K, 65% used [0x00000000eae00000,0x00000000ec2554a8,0x00000000ecd00000)
}
Event: 23.218 GC heap before
{Heap before GC invocations=65 (full 1):
 PSYoungGen      total 58368K, used 51864K [0x00000000faa80000, 0x0000000100000000, 0x0000000100000000)
  eden space 29184K, 100% used [0x00000000faa80000,0x00000000fc700000,0x00000000fc700000)
  from space 29184K, 77% used [0x00000000fc700000,0x00000000fdd261f8,0x00000000fe380000)
  to   space 29184K, 0% used [0x00000000fe380000,0x00000000fe380000,0x0000000100000000)
 ParOldGen       total 174592K, used 147124K [0x00000000f0000000, 0x00000000faa80000, 0x00000000faa80000)
  object space 174592K, 84% used [0x00000000f0000000,0x00000000f8fad050,0x00000000faa80000)
 PSPermGen       total 31744K, used 20821K [0x00000000eae00000, 0x00000000ecd00000, 0x00000000f0000000)
  object space 31744K, 65% used [0x00000000eae00000,0x00000000ec2554a8,0x00000000ecd00000)
Event: 23.238 GC heap after
Heap after GC invocations=65 (full 1):
 PSYoungGen      total 58368K, used 22664K [0x00000000faa80000, 0x0000000100000000, 0x0000000100000000)
  eden space 29184K, 0% used [0x00000000faa80000,0x00000000faa80000,0x00000000fc700000)
  from space 29184K, 77% used [0x00000000fe380000,0x00000000ff9a2208,0x0000000100000000)
  to   space 29184K, 0% used [0x00000000fc700000,0x00000000fc700000,0x00000000fe380000)
 ParOldGen       total 174592K, used 147124K [0x00000000f0000000, 0x00000000faa80000, 0x00000000faa80000)
  object space 174592K, 84% used [0x00000000f0000000,0x00000000f8fad050,0x00000000faa80000)
 PSPermGen       total 31744K, used 20821K [0x00000000eae00000, 0x00000000ecd00000, 0x00000000f0000000)
  object space 31744K, 65% used [0x00000000eae00000,0x00000000ec2554a8,0x00000000ecd00000)
}
Event: 23.430 GC heap before
{Heap before GC invocations=66 (full 1):
 PSYoungGen      total 58368K, used 51848K [0x00000000faa80000, 0x0000000100000000, 0x0000000100000000)
  eden space 29184K, 100% used [0x00000000faa80000,0x00000000fc700000,0x00000000fc700000)
  from space 29184K, 77% used [0x00000000fe380000,0x00000000ff9a2208,0x0000000100000000)
  to   space 29184K, 0% used [0x00000000fc700000,0x00000000fc700000,0x00000000fe380000)
 ParOldGen       total 174592K, used 147124K [0x00000000f0000000, 0x00000000faa80000, 0x00000000faa80000)
  object space 174592K, 84% used [0x00000000f0000000,0x00000000f8fad050,0x00000000faa80000)
 PSPermGen       total 31744K, used 20825K [0x00000000eae00000, 0x00000000ecd00000, 0x00000000f0000000)
  object space 31744K, 65% used [0x00000000eae00000,0x00000000ec256628,0x00000000ecd00000)

