# JRE version: Java(TM) SE Runtime Environment (7.0_45-b18) (build 1.7.0_45-b18)
# Java VM: Java HotSpot(TM) 64-Bit Server VM (24.45-b08 mixed mode windows-amd64 compressed oops)
Heap
 PSYoungGen      total 68608K, used 11575K [0x00000000faa80000, 0x0000000100000000, 0x0000000100000000)
  eden space 51200K, 5% used [0x00000000faa80000,0x00000000fad0e720,0x00000000fdc80000)
  from space 17408K, 51% used [0x00000000fdc80000,0x00000000fe53f658,0x00000000fed80000)
  to   space 17920K, 0% used [0x00000000fee80000,0x00000000fee80000,0x0000000100000000)
 ParOldGen       total 174592K, used 150973K [0x00000000f0000000, 0x00000000faa80000, 0x00000000faa80000)
  object space 174592K, 86% used [0x00000000f0000000,0x00000000f936f7c8,0x00000000faa80000)
 PSPermGen       total 36352K, used 20771K [0x00000000eae00000, 0x00000000ed180000, 0x00000000f0000000)
  object space 36352K, 57% used [0x00000000eae00000,0x00000000ec248d58,0x00000000ed180000)
GC Heap History (10 events):
Event: 21.278 GC heap before
{Heap before GC invocations=76 (full 1):
 PSYoungGen      total 65024K, used 45152K [0x00000000faa80000, 0x00000000ffd00000, 0x0000000100000000)
  eden space 45056K, 100% used [0x00000000faa80000,0x00000000fd680000,0x00000000fd680000)
  from space 19968K, 0% used [0x00000000fe980000,0x00000000fe998000,0x00000000ffd00000)
  to   space 19456K, 0% used [0x00000000fd680000,0x00000000fd680000,0x00000000fe980000)
 ParOldGen       total 174592K, used 150853K [0x00000000f0000000, 0x00000000faa80000, 0x00000000faa80000)
  object space 174592K, 86% used [0x00000000f0000000,0x00000000f93517c8,0x00000000faa80000)
 PSPermGen       total 36352K, used 20733K [0x00000000eae00000, 0x00000000ed180000, 0x00000000f0000000)
  object space 36352K, 57% used [0x00000000eae00000,0x00000000ec23f4c0,0x00000000ed180000)
Event: 21.280 GC heap after
Heap after GC invocations=76 (full 1):
 PSYoungGen      total 64512K, used 192K [0x00000000faa80000, 0x00000000ffd80000, 0x0000000100000000)
  eden space 45056K, 0% used [0x00000000faa80000,0x00000000faa80000,0x00000000fd680000)
  from space 19456K, 0% used [0x00000000fd680000,0x00000000fd6b0000,0x00000000fe980000)
  to   space 18432K, 0% used [0x00000000feb80000,0x00000000feb80000,0x00000000ffd80000)
 ParOldGen       total 174592K, used 150861K [0x00000000f0000000, 0x00000000faa80000, 0x00000000faa80000)
  object space 174592K, 86% used [0x00000000f0000000,0x00000000f93537c8,0x00000000faa80000)
 PSPermGen       total 36352K, used 20733K [0x00000000eae00000, 0x00000000ed180000, 0x00000000f0000000)
  object space 36352K, 57% used [0x00000000eae00000,0x00000000ec23f4c0,0x00000000ed180000)
}
Event: 21.447 GC heap before
{Heap before GC invocations=77 (full 1):
 PSYoungGen      total 64512K, used 45248K [0x00000000faa80000, 0x00000000ffd80000, 0x0000000100000000)
  eden space 45056K, 100% used [0x00000000faa80000,0x00000000fd680000,0x00000000fd680000)
  from space 19456K, 0% used [0x00000000fd680000,0x00000000fd6b0000,0x00000000fe980000)
  to   space 18432K, 0% used [0x00000000feb80000,0x00000000feb80000,0x00000000ffd80000)
 ParOldGen       total 174592K, used 150861K [0x00000000f0000000, 0x00000000faa80000, 0x00000000faa80000)
  object space 174592K, 86% used [0x00000000f0000000,0x00000000f93537c8,0x00000000faa80000)
 PSPermGen       total 36352K, used 20735K [0x00000000eae00000, 0x00000000ed180000, 0x00000000f0000000)
  object space 36352K, 57% used [0x00000000eae00000,0x00000000ec23fc58,0x00000000ed180000)
Event: 21.449 GC heap after
Heap after GC invocations=77 (full 1):
 PSYoungGen      total 67072K, used 320K [0x00000000faa80000, 0x00000000ffd00000, 0x0000000100000000)
  eden space 49152K, 0% used [0x00000000faa80000,0x00000000faa80000,0x00000000fda80000)
  from space 17920K, 1% used [0x00000000feb80000,0x00000000febd0000,0x00000000ffd00000)
  to   space 17408K, 0% used [0x00000000fda80000,0x00000000fda80000,0x00000000feb80000)
 ParOldGen       total 174592K, used 150861K [0x00000000f0000000, 0x00000000faa80000, 0x00000000faa80000)
  object space 174592K, 86% used [0x00000000f0000000,0x00000000f93537c8,0x00000000faa80000)
 PSPermGen       total 36352K, used 20735K [0x00000000eae00000, 0x00000000ed180000, 0x00000000f0000000)
  object space 36352K, 57% used [0x00000000eae00000,0x00000000ec23fc58,0x00000000ed180000)
}
Event: 21.724 GC heap before
{Heap before GC invocations=78 (full 1):
 PSYoungGen      total 67072K, used 49472K [0x00000000faa80000, 0x00000000ffd00000, 0x0000000100000000)
  eden space 49152K, 100% used [0x00000000faa80000,0x00000000fda80000,0x00000000fda80000)
  from space 17920K, 1% used [0x00000000feb80000,0x00000000febd0000,0x00000000ffd00000)
  to   space 17408K, 0% used [0x00000000fda80000,0x00000000fda80000,0x00000000feb80000)
 ParOldGen       total 174592K, used 150861K [0x00000000f0000000, 0x00000000faa80000, 0x00000000faa80000)
  object space 174592K, 86% used [0x00000000f0000000,0x00000000f93537c8,0x00000000faa80000)
 PSPermGen       total 36352K, used 20743K [0x00000000eae00000, 0x00000000ed180000, 0x00000000f0000000)
  object space 36352K, 57% used [0x00000000eae00000,0x00000000ec241f40,0x00000000ed180000)
Event: 21.728 GC heap after
Heap after GC invocations=78 (full 1):
 PSYoungGen      total 66560K, used 3525K [0x00000000faa80000, 0x00000000ffd80000, 0x0000000100000000)
  eden space 49152K, 0% used [0x00000000faa80000,0x00000000faa80000,0x00000000fda80000)
  from space 17408K, 20% used [0x00000000fda80000,0x00000000fddf14a0,0x00000000feb80000)
  to   space 16384K, 0% used [0x00000000fed80000,0x00000000fed80000,0x00000000ffd80000)
 ParOldGen       total 174592K, used 150973K [0x00000000f0000000, 0x00000000faa80000, 0x00000000faa80000)
  object space 174592K, 86% used [0x00000000f0000000,0x00000000f936f7c8,0x00000000faa80000)
 PSPermGen       total 36352K, used 20743K [0x00000000eae00000, 0x00000000ed180000, 0x00000000f0000000)
  object space 36352K, 57% used [0x00000000eae00000,0x00000000ec241f40,0x00000000ed180000)
}
Event: 21.979 GC heap before
{Heap before GC invocations=79 (full 1):
 PSYoungGen      total 66560K, used 52677K [0x00000000faa80000, 0x00000000ffd80000, 0x0000000100000000)
  eden space 49152K, 100% used [0x00000000faa80000,0x00000000fda80000,0x00000000fda80000)
  from space 17408K, 20% used [0x00000000fda80000,0x00000000fddf14a0,0x00000000feb80000)
  to   space 16384K, 0% used [0x00000000fed80000,0x00000000fed80000,0x00000000ffd80000)
 ParOldGen       total 174592K, used 150973K [0x00000000f0000000, 0x00000000faa80000, 0x00000000faa80000)
  object space 174592K, 86% used [0x00000000f0000000,0x00000000f936f7c8,0x00000000faa80000)
 PSPermGen       total 36352K, used 20757K [0x00000000eae00000, 0x00000000ed180000, 0x00000000f0000000)
  object space 36352K, 57% used [0x00000000eae00000,0x00000000ec2455a8,0x00000000ed180000)
Event: 21.986 GC heap after
Heap after GC invocations=79 (full 1):
 PSYoungGen      total 67584K, used 9128K [0x00000000faa80000, 0x0000000100000000, 0x0000000100000000)
  eden space 51200K, 0% used [0x00000000faa80000,0x00000000faa80000,0x00000000fdc80000)
  from space 16384K, 55% used [0x00000000fed80000,0x00000000ff66a218,0x00000000ffd80000)
  to   space 17408K, 0% used [0x00000000fdc80000,0x00000000fdc80000,0x00000000fed80000)
 ParOldGen       total 174592K, used 150973K [0x00000000f0000000, 0x00000000faa80000, 0x00000000faa80000)
  object space 174592K, 86% used [0x00000000f0000000,0x00000000f936f7c8,0x00000000faa80000)
 PSPermGen       total 36352K, used 20757K [0x00000000eae00000, 0x00000000ed180000, 0x00000000f0000000)
  object space 36352K, 57% used [0x00000000eae00000,0x00000000ec2455a8,0x00000000ed180000)
}
Event: 22.141 GC heap before
{Heap before GC invocations=80 (full 1):
 PSYoungGen      total 67584K, used 60328K [0x00000000faa80000, 0x0000000100000000, 0x0000000100000000)
  eden space 51200K, 100% used [0x00000000faa80000,0x00000000fdc80000,0x00000000fdc80000)
  from space 16384K, 55% used [0x00000000fed80000,0x00000000ff66a218,0x00000000ffd80000)
  to   space 17408K, 0% used [0x00000000fdc80000,0x00000000fdc80000,0x00000000fed80000)
 ParOldGen       total 174592K, used 150973K [0x00000000f0000000, 0x00000000faa80000, 0x00000000faa80000)
  object space 174592K, 86% used [0x00000000f0000000,0x00000000f936f7c8,0x00000000faa80000)
 PSPermGen       total 36352K, used 20761K [0x00000000eae00000, 0x00000000ed180000, 0x00000000f0000000)
  object space 36352K, 57% used [0x00000000eae00000,0x00000000ec2465d0,0x00000000ed180000)
Event: 22.148 GC heap after
Heap after GC invocations=80 (full 1):
 PSYoungGen      total 68608K, used 8957K [0x00000000faa80000, 0x0000000100000000, 0x0000000100000000)
  eden space 51200K, 0% used [0x00000000faa80000,0x00000000faa80000,0x00000000fdc80000)
  from space 17408K, 51% used [0x00000000fdc80000,0x00000000fe53f658,0x00000000fed80000)
  to   space 17920K, 0% used [0x00000000fee80000,0x00000000fee80000,0x0000000100000000)
 ParOldGen       total 174592K, used 150973K [0x00000000f0000000, 0x00000000faa80000, 0x00000000faa80000)
  object space 174592K, 86% used [0x00000000f0000000,0x00000000f936f7c8,0x00000000faa80000)
 PSPermGen       total 36352K, used 20761K [0x00000000eae00000, 0x00000000ed180000, 0x00000000f0000000)
  object space 36352K, 57% used [0x00000000eae00000,0x00000000ec2465d0,0x00000000ed180000)
}

