# JRE version: Java(TM) SE Runtime Environment (7.0_45-b18) (build 1.7.0_45-b18)
# Java VM: Java HotSpot(TM) 64-Bit Server VM (24.45-b08 mixed mode windows-amd64 compressed oops)
Heap
 PSYoungGen      total 58368K, used 7864K [0x00000000faa80000, 0x0000000100000000, 0x0000000100000000)
  eden space 29184K, 0% used [0x00000000faa80000,0x00000000faa80000,0x00000000fc700000)
  from space 29184K, 26% used [0x00000000fe380000,0x00000000feb2e280,0x0000000100000000)
  to   space 29184K, 0% used [0x00000000fc700000,0x00000000fc700000,0x00000000fe380000)
 ParOldGen       total 172544K, used 151487K [0x00000000f0000000, 0x00000000fa880000, 0x00000000faa80000)
  object space 172544K, 87% used [0x00000000f0000000,0x00000000f93efe00,0x00000000fa880000)
 PSPermGen       total 21504K, used 13872K [0x00000000eae00000, 0x00000000ec300000, 0x00000000f0000000)
  object space 21504K, 64% used [0x00000000eae00000,0x00000000ebb8c1d0,0x00000000ec300000)
GC Heap History (10 events):
Event: 6.072 GC heap after
Heap after GC invocations=10 (full 0):
 PSYoungGen      total 58368K, used 17076K [0x00000000faa80000, 0x0000000100000000, 0x0000000100000000)
  eden space 29184K, 0% used [0x00000000faa80000,0x00000000faa80000,0x00000000fc700000)
  from space 29184K, 58% used [0x00000000fe380000,0x00000000ff42d108,0x0000000100000000)
  to   space 29184K, 0% used [0x00000000fc700000,0x00000000fc700000,0x00000000fe380000)
 ParOldGen       total 172544K, used 109025K [0x00000000f0000000, 0x00000000fa880000, 0x00000000faa80000)
  object space 172544K, 63% used [0x00000000f0000000,0x00000000f6a784c8,0x00000000fa880000)
 PSPermGen       total 21504K, used 12715K [0x00000000eae00000, 0x00000000ec300000, 0x00000000f0000000)
  object space 21504K, 59% used [0x00000000eae00000,0x00000000eba6ad90,0x00000000ec300000)
}
Event: 6.380 GC heap before
{Heap before GC invocations=11 (full 0):
 PSYoungGen      total 58368K, used 46260K [0x00000000faa80000, 0x0000000100000000, 0x0000000100000000)
  eden space 29184K, 100% used [0x00000000faa80000,0x00000000fc700000,0x00000000fc700000)
  from space 29184K, 58% used [0x00000000fe380000,0x00000000ff42d108,0x0000000100000000)
  to   space 29184K, 0% used [0x00000000fc700000,0x00000000fc700000,0x00000000fe380000)
 ParOldGen       total 172544K, used 109025K [0x00000000f0000000, 0x00000000fa880000, 0x00000000faa80000)
  object space 172544K, 63% used [0x00000000f0000000,0x00000000f6a784c8,0x00000000fa880000)
 PSPermGen       total 21504K, used 12945K [0x00000000eae00000, 0x00000000ec300000, 0x00000000f0000000)
  object space 21504K, 60% used [0x00000000eae00000,0x00000000ebaa45b8,0x00000000ec300000)
Event: 6.393 GC heap after
Heap after GC invocations=11 (full 0):
 PSYoungGen      total 58368K, used 11586K [0x00000000faa80000, 0x0000000100000000, 0x0000000100000000)
  eden space 29184K, 0% used [0x00000000faa80000,0x00000000faa80000,0x00000000fc700000)
  from space 29184K, 39% used [0x00000000fc700000,0x00000000fd250b00,0x00000000fe380000)
  to   space 29184K, 0% used [0x00000000fe380000,0x00000000fe380000,0x0000000100000000)
 ParOldGen       total 172544K, used 125439K [0x00000000f0000000, 0x00000000fa880000, 0x00000000faa80000)
  object space 172544K, 72% used [0x00000000f0000000,0x00000000f7a7fd38,0x00000000fa880000)
 PSPermGen       total 21504K, used 12945K [0x00000000eae00000, 0x00000000ec300000, 0x00000000f0000000)
  object space 21504K, 60% used [0x00000000eae00000,0x00000000ebaa45b8,0x00000000ec300000)
}
Event: 6.636 GC heap before
{Heap before GC invocations=12 (full 0):
 PSYoungGen      total 58368K, used 40770K [0x00000000faa80000, 0x0000000100000000, 0x0000000100000000)
  eden space 29184K, 100% used [0x00000000faa80000,0x00000000fc700000,0x00000000fc700000)
  from space 29184K, 39% used [0x00000000fc700000,0x00000000fd250b00,0x00000000fe380000)
  to   space 29184K, 0% used [0x00000000fe380000,0x00000000fe380000,0x0000000100000000)
 ParOldGen       total 172544K, used 125439K [0x00000000f0000000, 0x00000000fa880000, 0x00000000faa80000)
  object space 172544K, 72% used [0x00000000f0000000,0x00000000f7a7fd38,0x00000000fa880000)
 PSPermGen       total 21504K, used 12946K [0x00000000eae00000, 0x00000000ec300000, 0x00000000f0000000)
  object space 21504K, 60% used [0x00000000eae00000,0x00000000ebaa4890,0x00000000ec300000)
Event: 6.645 GC heap after
Heap after GC invocations=12 (full 0):
 PSYoungGen      total 58368K, used 6464K [0x00000000faa80000, 0x0000000100000000, 0x0000000100000000)
  eden space 29184K, 0% used [0x00000000faa80000,0x00000000faa80000,0x00000000fc700000)
  from space 29184K, 22% used [0x00000000fe380000,0x00000000fe9d0000,0x0000000100000000)
  to   space 29184K, 0% used [0x00000000fc700000,0x00000000fc700000,0x00000000fe380000)
 ParOldGen       total 172544K, used 136683K [0x00000000f0000000, 0x00000000fa880000, 0x00000000faa80000)
  object space 172544K, 79% used [0x00000000f0000000,0x00000000f857ac80,0x00000000fa880000)
 PSPermGen       total 21504K, used 12946K [0x00000000eae00000, 0x00000000ec300000, 0x00000000f0000000)
  object space 21504K, 60% used [0x00000000eae00000,0x00000000ebaa4890,0x00000000ec300000)
}
Event: 7.054 GC heap before
{Heap before GC invocations=13 (full 0):
 PSYoungGen      total 58368K, used 35648K [0x00000000faa80000, 0x0000000100000000, 0x0000000100000000)
  eden space 29184K, 100% used [0x00000000faa80000,0x00000000fc700000,0x00000000fc700000)
  from space 29184K, 22% used [0x00000000fe380000,0x00000000fe9d0000,0x0000000100000000)
  to   space 29184K, 0% used [0x00000000fc700000,0x00000000fc700000,0x00000000fe380000)
 ParOldGen       total 172544K, used 136683K [0x00000000f0000000, 0x00000000fa880000, 0x00000000faa80000)
  object space 172544K, 79% used [0x00000000f0000000,0x00000000f857ac80,0x00000000fa880000)
 PSPermGen       total 21504K, used 13466K [0x00000000eae00000, 0x00000000ec300000, 0x00000000f0000000)
  object space 21504K, 62% used [0x00000000eae00000,0x00000000ebb26928,0x00000000ec300000)
Event: 7.064 GC heap after
Heap after GC invocations=13 (full 0):
 PSYoungGen      total 58368K, used 8988K [0x00000000faa80000, 0x0000000100000000, 0x0000000100000000)
  eden space 29184K, 0% used [0x00000000faa80000,0x00000000faa80000,0x00000000fc700000)
  from space 29184K, 30% used [0x00000000fc700000,0x00000000fcfc73e0,0x00000000fe380000)
  to   space 29184K, 0% used [0x00000000fe380000,0x00000000fe380000,0x0000000100000000)
 ParOldGen       total 172544K, used 143035K [0x00000000f0000000, 0x00000000fa880000, 0x00000000faa80000)
  object space 172544K, 82% used [0x00000000f0000000,0x00000000f8baec80,0x00000000fa880000)
 PSPermGen       total 21504K, used 13466K [0x00000000eae00000, 0x00000000ec300000, 0x00000000f0000000)
  object space 21504K, 62% used [0x00000000eae00000,0x00000000ebb26928,0x00000000ec300000)
}
Event: 7.512 GC heap before
{Heap before GC invocations=14 (full 0):
 PSYoungGen      total 58368K, used 38172K [0x00000000faa80000, 0x0000000100000000, 0x0000000100000000)
  eden space 29184K, 100% used [0x00000000faa80000,0x00000000fc700000,0x00000000fc700000)
  from space 29184K, 30% used [0x00000000fc700000,0x00000000fcfc73e0,0x00000000fe380000)
  to   space 29184K, 0% used [0x00000000fe380000,0x00000000fe380000,0x0000000100000000)
 ParOldGen       total 172544K, used 143035K [0x00000000f0000000, 0x00000000fa880000, 0x00000000faa80000)
  object space 172544K, 82% used [0x00000000f0000000,0x00000000f8baec80,0x00000000fa880000)
 PSPermGen       total 21504K, used 13872K [0x00000000eae00000, 0x00000000ec300000, 0x00000000f0000000)
  object space 21504K, 64% used [0x00000000eae00000,0x00000000ebb8c1d0,0x00000000ec300000)
Event: 7.525 GC heap after
Heap after GC invocations=14 (full 0):
 PSYoungGen      total 58368K, used 7864K [0x00000000faa80000, 0x0000000100000000, 0x0000000100000000)
  eden space 29184K, 0% used [0x00000000faa80000,0x00000000faa80000,0x00000000fc700000)
  from space 29184K, 26% used [0x00000000fe380000,0x00000000feb2e280,0x0000000100000000)
  to   space 29184K, 0% used [0x00000000fc700000,0x00000000fc700000,0x00000000fe380000)
 ParOldGen       total 172544K, used 151487K [0x00000000f0000000, 0x00000000fa880000, 0x00000000faa80000)
  object space 172544K, 87% used [0x00000000f0000000,0x00000000f93efe00,0x00000000fa880000)
 PSPermGen       total 21504K, used 13872K [0x00000000eae00000, 0x00000000ec300000, 0x00000000f0000000)
  object space 21504K, 64% used [0x00000000eae00000,0x00000000ebb8c1d0,0x00000000ec300000)
}
Event: 7.525 GC heap before
{Heap before GC invocations=15 (full 1):
 PSYoungGen      total 58368K, used 7864K [0x00000000faa80000, 0x0000000100000000, 0x0000000100000000)
  eden space 29184K, 0% used [0x00000000faa80000,0x00000000faa80000,0x00000000fc700000)
  from space 29184K, 26% used [0x00000000fe380000,0x00000000feb2e280,0x0000000100000000)
  to   space 29184K, 0% used [0x00000000fc700000,0x00000000fc700000,0x00000000fe380000)
 ParOldGen       total 172544K, used 151487K [0x00000000f0000000, 0x00000000fa880000, 0x00000000faa80000)
  object space 172544K, 87% used [0x00000000f0000000,0x00000000f93efe00,0x00000000fa880000)
 PSPermGen       total 21504K, used 13872K [0x00000000eae00000, 0x00000000ec300000, 0x00000000f0000000)
  object space 21504K, 64% used [0x00000000eae00000,0x00000000ebb8c1d0,0x00000000ec300000)

