# JRE version: Java(TM) SE Runtime Environment (7.0_45-b18) (build 1.7.0_45-b18)
# Java VM: Java HotSpot(TM) 64-Bit Server VM (24.45-b08 mixed mode windows-amd64 compressed oops)
Heap
 PSYoungGen      total 164352K, used 39308K [0x00000000f5500000, 0x0000000100000000, 0x0000000100000000)
  eden space 153600K, 18% used [0x00000000f5500000,0x00000000f70ea030,0x00000000feb00000)
  from space 10752K, 99% used [0x00000000ff580000,0x00000000ffff9230,0x0000000100000000)
  to   space 10752K, 0% used [0x00000000feb00000,0x00000000feb00000,0x00000000ff580000)
 ParOldGen       total 172544K, used 67463K [0x00000000e0000000, 0x00000000ea880000, 0x00000000f5500000)
  object space 172544K, 39% used [0x00000000e0000000,0x00000000e41e1f08,0x00000000ea880000)
 PSPermGen       total 26624K, used 26333K [0x00000000dae00000, 0x00000000dc800000, 0x00000000e0000000)
  object space 26624K, 98% used [0x00000000dae00000,0x00000000dc7b7680,0x00000000dc800000)
GC Heap History (8 events):
Event: 0.607 GC heap before
{Heap before GC invocations=1 (full 0):
 PSYoungGen      total 75776K, used 65024K [0x00000000f5500000, 0x00000000fa980000, 0x0000000100000000)
  eden space 65024K, 100% used [0x00000000f5500000,0x00000000f9480000,0x00000000f9480000)
  from space 10752K, 0% used [0x00000000f9f00000,0x00000000f9f00000,0x00000000fa980000)
  to   space 10752K, 0% used [0x00000000f9480000,0x00000000f9480000,0x00000000f9f00000)
 ParOldGen       total 172544K, used 0K [0x00000000e0000000, 0x00000000ea880000, 0x00000000f5500000)
  object space 172544K, 0% used [0x00000000e0000000,0x00000000e0000000,0x00000000ea880000)
 PSPermGen       total 21504K, used 12490K [0x00000000dae00000, 0x00000000dc300000, 0x00000000e0000000)
  object space 21504K, 58% used [0x00000000dae00000,0x00000000dba329d8,0x00000000dc300000)
Event: 0.617 GC heap after
Heap after GC invocations=1 (full 0):
 PSYoungGen      total 75776K, used 10749K [0x00000000f5500000, 0x00000000fe900000, 0x0000000100000000)
  eden space 65024K, 0% used [0x00000000f5500000,0x00000000f5500000,0x00000000f9480000)
  from space 10752K, 99% used [0x00000000f9480000,0x00000000f9eff530,0x00000000f9f00000)
  to   space 10752K, 0% used [0x00000000fde80000,0x00000000fde80000,0x00000000fe900000)
 ParOldGen       total 172544K, used 5154K [0x00000000e0000000, 0x00000000ea880000, 0x00000000f5500000)
  object space 172544K, 2% used [0x00000000e0000000,0x00000000e0508838,0x00000000ea880000)
 PSPermGen       total 21504K, used 12490K [0x00000000dae00000, 0x00000000dc300000, 0x00000000e0000000)
  object space 21504K, 58% used [0x00000000dae00000,0x00000000dba329d8,0x00000000dc300000)
}
Event: 0.881 GC heap before
{Heap before GC invocations=2 (full 0):
 PSYoungGen      total 75776K, used 75773K [0x00000000f5500000, 0x00000000fe900000, 0x0000000100000000)
  eden space 65024K, 100% used [0x00000000f5500000,0x00000000f9480000,0x00000000f9480000)
  from space 10752K, 99% used [0x00000000f9480000,0x00000000f9eff530,0x00000000f9f00000)
  to   space 10752K, 0% used [0x00000000fde80000,0x00000000fde80000,0x00000000fe900000)
 ParOldGen       total 172544K, used 5154K [0x00000000e0000000, 0x00000000ea880000, 0x00000000f5500000)
  object space 172544K, 2% used [0x00000000e0000000,0x00000000e0508838,0x00000000ea880000)
 PSPermGen       total 21504K, used 13327K [0x00000000dae00000, 0x00000000dc300000, 0x00000000e0000000)
  object space 21504K, 61% used [0x00000000dae00000,0x00000000dbb03e50,0x00000000dc300000)
Event: 0.903 GC heap after
Heap after GC invocations=2 (full 0):
 PSYoungGen      total 140800K, used 10748K [0x00000000f5500000, 0x00000000fe900000, 0x0000000100000000)
  eden space 130048K, 0% used [0x00000000f5500000,0x00000000f5500000,0x00000000fd400000)
  from space 10752K, 99% used [0x00000000fde80000,0x00000000fe8ff080,0x00000000fe900000)
  to   space 10752K, 0% used [0x00000000fd400000,0x00000000fd400000,0x00000000fde80000)
 ParOldGen       total 172544K, used 32989K [0x00000000e0000000, 0x00000000ea880000, 0x00000000f5500000)
  object space 172544K, 19% used [0x00000000e0000000,0x00000000e2037690,0x00000000ea880000)
 PSPermGen       total 21504K, used 13327K [0x00000000dae00000, 0x00000000dc300000, 0x00000000e0000000)
  object space 21504K, 61% used [0x00000000dae00000,0x00000000dbb03e50,0x00000000dc300000)
}
Event: 2.144 GC heap before
{Heap before GC invocations=3 (full 0):
 PSYoungGen      total 140800K, used 140796K [0x00000000f5500000, 0x00000000fe900000, 0x0000000100000000)
  eden space 130048K, 100% used [0x00000000f5500000,0x00000000fd400000,0x00000000fd400000)
  from space 10752K, 99% used [0x00000000fde80000,0x00000000fe8ff080,0x00000000fe900000)
  to   space 10752K, 0% used [0x00000000fd400000,0x00000000fd400000,0x00000000fde80000)
 ParOldGen       total 172544K, used 32989K [0x00000000e0000000, 0x00000000ea880000, 0x00000000f5500000)
  object space 172544K, 19% used [0x00000000e0000000,0x00000000e2037690,0x00000000ea880000)
 PSPermGen       total 21504K, used 19006K [0x00000000dae00000, 0x00000000dc300000, 0x00000000e0000000)
  object space 21504K, 88% used [0x00000000dae00000,0x00000000dc08f878,0x00000000dc300000)
Event: 2.165 GC heap after
Heap after GC invocations=3 (full 0):
 PSYoungGen      total 140800K, used 10721K [0x00000000f5500000, 0x0000000100000000, 0x0000000100000000)
  eden space 130048K, 0% used [0x00000000f5500000,0x00000000f5500000,0x00000000fd400000)
  from space 10752K, 99% used [0x00000000fd400000,0x00000000fde78540,0x00000000fde80000)
  to   space 10752K, 0% used [0x00000000ff580000,0x00000000ff580000,0x0000000100000000)
 ParOldGen       total 172544K, used 61131K [0x00000000e0000000, 0x00000000ea880000, 0x00000000f5500000)
  object space 172544K, 35% used [0x00000000e0000000,0x00000000e3bb2c78,0x00000000ea880000)
 PSPermGen       total 21504K, used 19006K [0x00000000dae00000, 0x00000000dc300000, 0x00000000e0000000)
  object space 21504K, 88% used [0x00000000dae00000,0x00000000dc08f878,0x00000000dc300000)
}
Event: 196.109 GC heap before
{Heap before GC invocations=4 (full 0):
 PSYoungGen      total 140800K, used 140769K [0x00000000f5500000, 0x0000000100000000, 0x0000000100000000)
  eden space 130048K, 100% used [0x00000000f5500000,0x00000000fd400000,0x00000000fd400000)
  from space 10752K, 99% used [0x00000000fd400000,0x00000000fde78540,0x00000000fde80000)
  to   space 10752K, 0% used [0x00000000ff580000,0x00000000ff580000,0x0000000100000000)
 ParOldGen       total 172544K, used 61131K [0x00000000e0000000, 0x00000000ea880000, 0x00000000f5500000)
  object space 172544K, 35% used [0x00000000e0000000,0x00000000e3bb2c78,0x00000000ea880000)
 PSPermGen       total 24576K, used 24207K [0x00000000dae00000, 0x00000000dc600000, 0x00000000e0000000)
  object space 24576K, 98% used [0x00000000dae00000,0x00000000dc5a3f78,0x00000000dc600000)
Event: 196.124 GC heap after
Heap after GC invocations=4 (full 0):
 PSYoungGen      total 164352K, used 10724K [0x00000000f5500000, 0x0000000100000000, 0x0000000100000000)
  eden space 153600K, 0% used [0x00000000f5500000,0x00000000f5500000,0x00000000feb00000)
  from space 10752K, 99% used [0x00000000ff580000,0x00000000ffff9230,0x0000000100000000)
  to   space 10752K, 0% used [0x00000000feb00000,0x00000000feb00000,0x00000000ff580000)
 ParOldGen       total 172544K, used 67463K [0x00000000e0000000, 0x00000000ea880000, 0x00000000f5500000)
  object space 172544K, 39% used [0x00000000e0000000,0x00000000e41e1f08,0x00000000ea880000)
 PSPermGen       total 24576K, used 24207K [0x00000000dae00000, 0x00000000dc600000, 0x00000000e0000000)
  object space 24576K, 98% used [0x00000000dae00000,0x00000000dc5a3f78,0x00000000dc600000)
}

